/data/data/com.termux/files/home/bots/nexus7_pvp/bot.py:440: DeprecationWarning: There is no current event loop
  loop = asyncio.get_event_loop()
2026-05-18 19:11:23,000 - __main__ - INFO - Bot started.
2026-05-18 19:11:23,535 - httpx - INFO - HTTP Request: POST https://api.telegram.org/bot8651312383:AAGhB1bkdAZWgVoEbad07BDoluN1KbPl3uM/getMe "HTTP/1.1 200 OK"
2026-05-18 19:11:23,641 - httpx - INFO - HTTP Request: POST https://api.telegram.org/bot8651312383:AAGhB1bkdAZWgVoEbad07BDoluN1KbPl3uM/deleteWebhook "HTTP/1.1 200 OK"
2026-05-18 19:11:23,643 - telegram.ext.Application - INFO - Application started
2026-05-18 19:11:24,082 - httpx - INFO - HTTP Request: POST https://api.telegram.org/bot8651312383:AAGhB1bkdAZWgVoEbad07BDoluN1KbPl3uM/getUpdates "HTTP/1.1 200 OK"
2026-05-18 19:11:24,342 - httpx - INFO - HTTP Request: POST https://api.telegram.org/bot8651312383:AAGhB1bkdAZWgVoEbad07BDoluN1KbPl3uM/sendMessage "HTTP/1.1 200 OK"
2026-05-18 19:11:34,696 - httpx - INFO - HTTP Request: POST https://api.telegram.org/bot8651312383:AAGhB1bkdAZWgVoEbad07BDoluN1KbPl3uM/getUpdates "HTTP/1.1 200 OK"
2026-05-18 19:11:45,236 - httpx - INFO - HTTP Request: POST https://api.telegram.org/bot8651312383:AAGhB1bkdAZWgVoEbad07BDoluN1KbPl3uM/getUpdates "HTTP/1.1 200 OK"
2026-05-18 19:11:55,489 - httpx - INFO - HTTP Request: POST https://api.telegram.org/bot8651312383:AAGhB1bkdAZWgVoEbad07BDoluN1KbPl3uM/getUpdates "HTTP/1.1 200 OK"
2026-05-18 19:12:05,654 - httpx - INFO - HTTP Request: POST https://api.telegram.org/bot8651312383:AAGhB1bkdAZWgVoEbad07BDoluN1KbPl3uM/getUpdates "HTTP/1.1 200 OK"
2026-05-18 19:12:15,994 - httpx - INFO - HTTP Request: POST https://api.telegram.org/bot8651312383:AAGhB1bkdAZWgVoEbad07BDoluN1KbPl3uM/getUpdates "HTTP/1.1 200 OK"
2026-05-18 19:12:26,203 - httpx - INFO - HTTP Request: POST https://api.telegram.org/bot8651312383:AAGhB1bkdAZWgVoEbad07BDoluN1KbPl3uM/getUpdates "HTTP/1.1 200 OK"
2026-05-18 19:12:36,545 - httpx - INFO - HTTP Request: POST https://api.telegram.org/bot8651312383:AAGhB1bkdAZWgVoEbad07BDoluN1KbPl3uM/getUpdates "HTTP/1.1 200 OK"
2026-05-18 19:12:46,779 - httpx - INFO - HTTP Request: POST https://api.telegram.org/bot8651312383:AAGhB1bkdAZWgVoEbad07BDoluN1KbPl3uM/getUpdates "HTTP/1.1 200 OK"
2026-05-18 19:12:57,048 - httpx - INFO - HTTP Request: POST https://api.telegram.org/bot8651312383:AAGhB1bkdAZWgVoEbad07BDoluN1KbPl3uM/getUpdates "HTTP/1.1 200 OK"
2026-05-18 19:13:07,221 - httpx - INFO - HTTP Request: POST https://api.telegram.org/bot8651312383:AAGhB1bkdAZWgVoEbad07BDoluN1KbPl3uM/getUpdates "HTTP/1.1 200 OK"
2026-05-18 19:13:17,416 - httpx - INFO - HTTP Request: POST https://api.telegram.org/bot8651312383:AAGhB1bkdAZWgVoEbad07BDoluN1KbPl3uM/getUpdates "HTTP/1.1 200 OK"
2026-05-18 19:13:27,757 - httpx - INFO - HTTP Request: POST https://api.telegram.org/bot8651312383:AAGhB1bkdAZWgVoEbad07BDoluN1KbPl3uM/getUpdates "HTTP/1.1 200 OK"
2026-05-18 19:13:37,996 - httpx - INFO - HTTP Request: POST https://api.telegram.org/bot8651312383:AAGhB1bkdAZWgVoEbad07BDoluN1KbPl3uM/getUpdates "HTTP/1.1 200 OK"
2026-05-18 19:13:48,218 - httpx - INFO - HTTP Request: POST https://api.telegram.org/bot8651312383:AAGhB1bkdAZWgVoEbad07BDoluN1KbPl3uM/getUpdates "HTTP/1.1 200 OK"
2026-05-18 19:13:58,361 - httpx - INFO - HTTP Request: POST https://api.telegram.org/bot8651312383:AAGhB1bkdAZWgVoEbad07BDoluN1KbPl3uM/getUpdates "HTTP/1.1 200 OK"
2026-05-18 19:14:08,710 - httpx - INFO - HTTP Request: POST https://api.telegram.org/bot8651312383:AAGhB1bkdAZWgVoEbad07BDoluN1KbPl3uM/getUpdates "HTTP/1.1 200 OK"
2026-05-18 19:14:18,909 - httpx - INFO - HTTP Request: POST https://api.telegram.org/bot8651312383:AAGhB1bkdAZWgVoEbad07BDoluN1KbPl3uM/getUpdates "HTTP/1.1 200 OK"
2026-05-18 19:14:29,028 - httpx - INFO - HTTP Request: POST https://api.telegram.org/bot8651312383:AAGhB1bkdAZWgVoEbad07BDoluN1KbPl3uM/getUpdates "HTTP/1.1 200 OK"
2026-05-18 19:14:39,316 - httpx - INFO - HTTP Request: POST https://api.telegram.org/bot8651312383:AAGhB1bkdAZWgVoEbad07BDoluN1KbPl3uM/getUpdates "HTTP/1.1 200 OK"
2026-05-18 19:14:49,456 - httpx - INFO - HTTP Request: POST https://api.telegram.org/bot8651312383:AAGhB1bkdAZWgVoEbad07BDoluN1KbPl3uM/getUpdates "HTTP/1.1 200 OK"
2026-05-18 19:14:59,591 - httpx - INFO - HTTP Request: POST https://api.telegram.org/bot8651312383:AAGhB1bkdAZWgVoEbad07BDoluN1KbPl3uM/getUpdates "HTTP/1.1 200 OK"
2026-05-18 19:15:09,730 - httpx - INFO - HTTP Request: POST https://api.telegram.org/bot8651312383:AAGhB1bkdAZWgVoEbad07BDoluN1KbPl3uM/getUpdates "HTTP/1.1 200 OK"
2026-05-18 19:15:19,865 - httpx - INFO - HTTP Request: POST https://api.telegram.org/bot8651312383:AAGhB1bkdAZWgVoEbad07BDoluN1KbPl3uM/getUpdates "HTTP/1.1 200 OK"
2026-05-18 19:15:30,004 - httpx - INFO - HTTP Request: POST https://api.telegram.org/bot8651312383:AAGhB1bkdAZWgVoEbad07BDoluN1KbPl3uM/getUpdates "HTTP/1.1 200 OK"
2026-05-18 19:15:40,160 - httpx - INFO - HTTP Request: POST https://api.telegram.org/bot8651312383:AAGhB1bkdAZWgVoEbad07BDoluN1KbPl3uM/getUpdates "HTTP/1.1 200 OK"
2026-05-18 19:15:50,614 - httpx - INFO - HTTP Request: POST https://api.telegram.org/bot8651312383:AAGhB1bkdAZWgVoEbad07BDoluN1KbPl3uM/getUpdates "HTTP/1.1 200 OK"
2026-05-18 19:16:00,834 - httpx - INFO - HTTP Request: POST https://api.telegram.org/bot8651312383:AAGhB1bkdAZWgVoEbad07BDoluN1KbPl3uM/getUpdates "HTTP/1.1 200 OK"
2026-05-18 19:16:10,978 - httpx - INFO - HTTP Request: POST https://api.telegram.org/bot8651312383:AAGhB1bkdAZWgVoEbad07BDoluN1KbPl3uM/getUpdates "HTTP/1.1 200 OK"
2026-05-18 19:16:21,218 - httpx - INFO - HTTP Request: POST https://api.telegram.org/bot8651312383:AAGhB1bkdAZWgVoEbad07BDoluN1KbPl3uM/getUpdates "HTTP/1.1 200 OK"
2026-05-18 19:16:31,543 - httpx - INFO - HTTP Request: POST https://api.telegram.org/bot8651312383:AAGhB1bkdAZWgVoEbad07BDoluN1KbPl3uM/getUpdates "HTTP/1.1 200 OK"
2026-05-18 19:16:41,980 - httpx - INFO - HTTP Request: POST https://api.telegram.org/bot8651312383:AAGhB1bkdAZWgVoEbad07BDoluN1KbPl3uM/getUpdates "HTTP/1.1 200 OK"
2026-05-18 19:16:52,661 - httpx - INFO - HTTP Request: POST https://api.telegram.org/bot8651312383:AAGhB1bkdAZWgVoEbad07BDoluN1KbPl3uM/getUpdates "HTTP/1.1 200 OK"
2026-05-18 19:17:02,895 - httpx - INFO - HTTP Request: POST https://api.telegram.org/bot8651312383:AAGhB1bkdAZWgVoEbad07BDoluN1KbPl3uM/getUpdates "HTTP/1.1 200 OK"
2026-05-18 19:17:13,264 - httpx - INFO - HTTP Request: POST https://api.telegram.org/bot8651312383:AAGhB1bkdAZWgVoEbad07BDoluN1KbPl3uM/getUpdates "HTTP/1.1 200 OK"
2026-05-18 19:17:24,080 - httpx - INFO - HTTP Request: POST https://api.telegram.org/bot8651312383:AAGhB1bkdAZWgVoEbad07BDoluN1KbPl3uM/getUpdates "HTTP/1.1 200 OK"
2026-05-18 19:17:34,246 - httpx - INFO - HTTP Request: POST https://api.telegram.org/bot8651312383:AAGhB1bkdAZWgVoEbad07BDoluN1KbPl3uM/getUpdates "HTTP/1.1 200 OK"
2026-05-18 19:17:44,664 - httpx - INFO - HTTP Request: POST https://api.telegram.org/bot8651312383:AAGhB1bkdAZWgVoEbad07BDoluN1KbPl3uM/getUpdates "HTTP/1.1 200 OK"
2026-05-18 19:17:54,958 - httpx - INFO - HTTP Request: POST https://api.telegram.org/bot8651312383:AAGhB1bkdAZWgVoEbad07BDoluN1KbPl3uM/getUpdates "HTTP/1.1 200 OK"
2026-05-18 19:18:05,550 - httpx - INFO - HTTP Request: POST https://api.telegram.org/bot8651312383:AAGhB1bkdAZWgVoEbad07BDoluN1KbPl3uM/getUpdates "HTTP/1.1 200 OK"
2026-05-18 19:18:15,723 - httpx - INFO - HTTP Request: POST https://api.telegram.org/bot8651312383:AAGhB1bkdAZWgVoEbad07BDoluN1KbPl3uM/getUpdates "HTTP/1.1 200 OK"
2026-05-18 19:18:26,009 - httpx - INFO - HTTP Request: POST https://api.telegram.org/bot8651312383:AAGhB1bkdAZWgVoEbad07BDoluN1KbPl3uM/getUpdates "HTTP/1.1 200 OK"
2026-05-18 19:18:36,287 - httpx - INFO - HTTP Request: POST https://api.telegram.org/bot8651312383:AAGhB1bkdAZWgVoEbad07BDoluN1KbPl3uM/getUpdates "HTTP/1.1 200 OK"
2026-05-18 19:18:46,537 - httpx - INFO - HTTP Request: POST https://api.telegram.org/bot8651312383:AAGhB1bkdAZWgVoEbad07BDoluN1KbPl3uM/getUpdates "HTTP/1.1 200 OK"
2026-05-18 19:18:56,754 - httpx - INFO - HTTP Request: POST https://api.telegram.org/bot8651312383:AAGhB1bkdAZWgVoEbad07BDoluN1KbPl3uM/getUpdates "HTTP/1.1 200 OK"
2026-05-18 19:19:07,017 - httpx - INFO - HTTP Request: POST https://api.telegram.org/bot8651312383:AAGhB1bkdAZWgVoEbad07BDoluN1KbPl3uM/getUpdates "HTTP/1.1 200 OK"
2026-05-18 19:19:17,259 - httpx - INFO - HTTP Request: POST https://api.telegram.org/bot8651312383:AAGhB1bkdAZWgVoEbad07BDoluN1KbPl3uM/getUpdates "HTTP/1.1 200 OK"
2026-05-18 19:19:27,529 - httpx - INFO - HTTP Request: POST https://api.telegram.org/bot8651312383:AAGhB1bkdAZWgVoEbad07BDoluN1KbPl3uM/getUpdates "HTTP/1.1 200 OK"
2026-05-18 19:19:37,942 - httpx - INFO - HTTP Request: POST https://api.telegram.org/bot8651312383:AAGhB1bkdAZWgVoEbad07BDoluN1KbPl3uM/getUpdates "HTTP/1.1 200 OK"
2026-05-18 19:19:48,157 - httpx - INFO - HTTP Request: POST https://api.telegram.org/bot8651312383:AAGhB1bkdAZWgVoEbad07BDoluN1KbPl3uM/getUpdates "HTTP/1.1 200 OK"
2026-05-18 19:19:58,314 - httpx - INFO - HTTP Request: POST https://api.telegram.org/bot8651312383:AAGhB1bkdAZWgVoEbad07BDoluN1KbPl3uM/getUpdates "HTTP/1.1 200 OK"
2026-05-18 19:20:08,528 - httpx - INFO - HTTP Request: POST https://api.telegram.org/bot8651312383:AAGhB1bkdAZWgVoEbad07BDoluN1KbPl3uM/getUpdates "HTTP/1.1 200 OK"
2026-05-18 19:20:18,671 - httpx - INFO - HTTP Request: POST https://api.telegram.org/bot8651312383:AAGhB1bkdAZWgVoEbad07BDoluN1KbPl3uM/getUpdates "HTTP/1.1 200 OK"
2026-05-18 19:20:28,825 - httpx - INFO - HTTP Request: POST https://api.telegram.org/bot8651312383:AAGhB1bkdAZWgVoEbad07BDoluN1KbPl3uM/getUpdates "HTTP/1.1 200 OK"
2026-05-18 19:20:39,063 - httpx - INFO - HTTP Request: POST https://api.telegram.org/bot8651312383:AAGhB1bkdAZWgVoEbad07BDoluN1KbPl3uM/getUpdates "HTTP/1.1 200 OK"
2026-05-18 19:20:49,292 - httpx - INFO - HTTP Request: POST https://api.telegram.org/bot8651312383:AAGhB1bkdAZWgVoEbad07BDoluN1KbPl3uM/getUpdates "HTTP/1.1 200 OK"
2026-05-18 19:20:59,593 - httpx - INFO - HTTP Request: POST https://api.telegram.org/bot8651312383:AAGhB1bkdAZWgVoEbad07BDoluN1KbPl3uM/getUpdates "HTTP/1.1 200 OK"
2026-05-18 19:21:09,766 - httpx - INFO - HTTP Request: POST https://api.telegram.org/bot8651312383:AAGhB1bkdAZWgVoEbad07BDoluN1KbPl3uM/getUpdates "HTTP/1.1 200 OK"
2026-05-18 19:21:19,910 - httpx - INFO - HTTP Request: POST https://api.telegram.org/bot8651312383:AAGhB1bkdAZWgVoEbad07BDoluN1KbPl3uM/getUpdates "HTTP/1.1 200 OK"
2026-05-18 19:21:30,149 - httpx - INFO - HTTP Request: POST https://api.telegram.org/bot8651312383:AAGhB1bkdAZWgVoEbad07BDoluN1KbPl3uM/getUpdates "HTTP/1.1 200 OK"
2026-05-18 19:21:40,403 - httpx - INFO - HTTP Request: POST https://api.telegram.org/bot8651312383:AAGhB1bkdAZWgVoEbad07BDoluN1KbPl3uM/getUpdates "HTTP/1.1 200 OK"
2026-05-18 19:21:50,632 - httpx - INFO - HTTP Request: POST https://api.telegram.org/bot8651312383:AAGhB1bkdAZWgVoEbad07BDoluN1KbPl3uM/getUpdates "HTTP/1.1 200 OK"
2026-05-18 19:22:00,767 - httpx - INFO - HTTP Request: POST https://api.telegram.org/bot8651312383:AAGhB1bkdAZWgVoEbad07BDoluN1KbPl3uM/getUpdates "HTTP/1.1 200 OK"
2026-05-18 19:22:10,950 - httpx - INFO - HTTP Request: POST https://api.telegram.org/bot8651312383:AAGhB1bkdAZWgVoEbad07BDoluN1KbPl3uM/getUpdates "HTTP/1.1 200 OK"
2026-05-18 19:22:21,146 - httpx - INFO - HTTP Request: POST https://api.telegram.org/bot8651312383:AAGhB1bkdAZWgVoEbad07BDoluN1KbPl3uM/getUpdates "HTTP/1.1 200 OK"
2026-05-18 19:22:31,299 - httpx - INFO - HTTP Request: POST https://api.telegram.org/bot8651312383:AAGhB1bkdAZWgVoEbad07BDoluN1KbPl3uM/getUpdates "HTTP/1.1 200 OK"
2026-05-18 19:22:41,525 - httpx - INFO - HTTP Request: POST https://api.telegram.org/bot8651312383:AAGhB1bkdAZWgVoEbad07BDoluN1KbPl3uM/getUpdates "HTTP/1.1 200 OK"
2026-05-18 19:22:51,798 - httpx - INFO - HTTP Request: POST https://api.telegram.org/bot8651312383:AAGhB1bkdAZWgVoEbad07BDoluN1KbPl3uM/getUpdates "HTTP/1.1 200 OK"
2026-05-18 19:23:02,014 - httpx - INFO - HTTP Request: POST https://api.telegram.org/bot8651312383:AAGhB1bkdAZWgVoEbad07BDoluN1KbPl3uM/getUpdates "HTTP/1.1 200 OK"
2026-05-18 19:23:12,260 - httpx - INFO - HTTP Request: POST https://api.telegram.org/bot8651312383:AAGhB1bkdAZWgVoEbad07BDoluN1KbPl3uM/getUpdates "HTTP/1.1 200 OK"
2026-05-18 19:23:22,436 - httpx - INFO - HTTP Request: POST https://api.telegram.org/bot8651312383:AAGhB1bkdAZWgVoEbad07BDoluN1KbPl3uM/getUpdates "HTTP/1.1 200 OK"
2026-05-18 19:23:32,675 - httpx - INFO - HTTP Request: POST https://api.telegram.org/bot8651312383:AAGhB1bkdAZWgVoEbad07BDoluN1KbPl3uM/getUpdates "HTTP/1.1 200 OK"
2026-05-18 19:23:43,202 - httpx - INFO - HTTP Request: POST https://api.telegram.org/bot8651312383:AAGhB1bkdAZWgVoEbad07BDoluN1KbPl3uM/getUpdates "HTTP/1.1 200 OK"
2026-05-18 19:23:53,510 - httpx - INFO - HTTP Request: POST https://api.telegram.org/bot8651312383:AAGhB1bkdAZWgVoEbad07BDoluN1KbPl3uM/getUpdates "HTTP/1.1 200 OK"
2026-05-18 19:24:03,660 - httpx - INFO - HTTP Request: POST https://api.telegram.org/bot8651312383:AAGhB1bkdAZWgVoEbad07BDoluN1KbPl3uM/getUpdates "HTTP/1.1 200 OK"
2026-05-18 19:24:13,887 - httpx - INFO - HTTP Request: POST https://api.telegram.org/bot8651312383:AAGhB1bkdAZWgVoEbad07BDoluN1KbPl3uM/getUpdates "HTTP/1.1 200 OK"
2026-05-18 19:24:24,023 - httpx - INFO - HTTP Request: POST https://api.telegram.org/bot8651312383:AAGhB1bkdAZWgVoEbad07BDoluN1KbPl3uM/getUpdates "HTTP/1.1 200 OK"
2026-05-18 19:24:34,864 - httpx - INFO - HTTP Request: POST https://api.telegram.org/bot8651312383:AAGhB1bkdAZWgVoEbad07BDoluN1KbPl3uM/getUpdates "HTTP/1.1 200 OK"
2026-05-18 19:24:45,546 - httpx - INFO - HTTP Request: POST https://api.telegram.org/bot8651312383:AAGhB1bkdAZWgVoEbad07BDoluN1KbPl3uM/getUpdates "HTTP/1.1 200 OK"
2026-05-18 19:24:55,675 - httpx - INFO - HTTP Request: POST https://api.telegram.org/bot8651312383:AAGhB1bkdAZWgVoEbad07BDoluN1KbPl3uM/getUpdates "HTTP/1.1 200 OK"
2026-05-18 19:25:05,938 - httpx - INFO - HTTP Request: POST https://api.telegram.org/bot8651312383:AAGhB1bkdAZWgVoEbad07BDoluN1KbPl3uM/getUpdates "HTTP/1.1 200 OK"
2026-05-18 19:25:16,075 - httpx - INFO - HTTP Request: POST https://api.telegram.org/bot8651312383:AAGhB1bkdAZWgVoEbad07BDoluN1KbPl3uM/getUpdates "HTTP/1.1 200 OK"
